Using pre-set license
Built from '2020.3/staging' branch; Version is '2020.3.8f1 (507919d4fff5) revision 5273881'; Using compiler version '192528614'; Build Type 'Release'
OS: 'Windows 10 Education; OS build 18363.1556; Version 1909; 64bit' Language: 'ko' Physical Memory: 16325 MB
BatchMode: 1, IsHumanControllingUs: 0, StartBugReporterOnCrash: 0, Is64bit: 1, IsPro: 0

 COMMAND LINE ARGUMENTS:
C:\Program Files\2020.3.8f1\Editor\Unity.exe
-adb2
-batchMode
-noUpm
-name
AssetImportWorker0
-projectPath
D:/TimeEscape/TimeEscape
-logFile
Logs/AssetImportWorker0.log
-srvPort
56744
Successfully changed project path to: D:/TimeEscape/TimeEscape
D:/TimeEscape/TimeEscape
Using Asset Import Pipeline V2.
Refreshing native plugins compatible for Editor in 41.87 ms, found 1 plugins.
Preloading 0 native plugins for Editor in 0.00 ms.
Initialize engine version: 2020.3.8f1 (507919d4fff5)
[Subsystems] Discovering subsystems at path C:/Program Files/2020.3.8f1/Editor/Data/Resources/UnitySubsystems
[Subsystems] Discovering subsystems at path D:/TimeEscape/TimeEscape/Assets
GfxDevice: creating device client; threaded=0
Direct3D:
    Version:  Direct3D 11.0 [level 11.1]
    Renderer: NVIDIA GeForce GTX 1050 (ID=0x1c81)
    Vendor:   
    VRAM:     1977 MB
    Driver:   27.21.14.5671
Initialize mono
Mono path[0] = 'C:/Program Files/2020.3.8f1/Editor/Data/Managed'
Mono path[1] = 'C:/Program Files/2020.3.8f1/Editor/Data/MonoBleedingEdge/lib/mono/unityjit'
Mono config path = 'C:/Program Files/2020.3.8f1/Editor/Data/MonoBleedingEdge/etc'
Using monoOptions --debugger-agent=transport=dt_socket,embedding=1,server=y,suspend=n,address=127.0.0.1:56400
Begin MonoManager ReloadAssembly
Registering precompiled unity dll's ...
Register platform support module: C:/Program Files/2020.3.8f1/Editor/Data/PlaybackEngines/WindowsStandaloneSupport/UnityEditor.WindowsStandalone.Extensions.dll
Registered in 0.001760 seconds.
Native extension for WindowsStandalone target not found
Refreshing native plugins compatible for Editor in 44.35 ms, found 1 plugins.
Preloading 0 native plugins for Editor in 0.00 ms.
Mono: successfully reloaded assembly
- Completed reload, in  1.281 seconds
Platform modules already initialized, skipping
Registering precompiled user dll's ...
Registered in 0.000739 seconds.
Begin MonoManager ReloadAssembly
Native extension for WindowsStandalone target not found
Refreshing native plugins compatible for Editor in 44.23 ms, found 1 plugins.
Preloading 0 native plugins for Editor in 0.00 ms.
Mono: successfully reloaded assembly
- Completed reload, in  1.084 seconds
Platform modules already initialized, skipping
========================================================================
Worker process is ready to serve import requests
Launched and connected shader compiler UnityShaderCompiler.exe after 0.04 seconds
Refreshing native plugins compatible for Editor in 0.58 ms, found 1 plugins.
Preloading 0 native plugins for Editor in 0.00 ms.
Unloading 1889 Unused Serialized files (Serialized files now loaded: 0)
System memory in use before: 91.8 MB.
System memory in use after: 91.7 MB.

Unloading 24 unused Assets to reduce memory usage. Loaded Objects now: 2333.
Total: 4.173600 ms (FindLiveObjects: 0.379600 ms CreateObjectMapping: 0.199200 ms MarkObjects: 3.400300 ms  DeleteObjects: 0.192600 ms)

========================================================================
Received Import Request.
  path: Assets/배경/배경2.png
  artifactKey: Guid(089321bd9838a4c40b251df6754df8e4) Importer(815301076,1909f56bfc062723c751e8b465ee728b)
Start importing Assets/배경/배경2.png using Guid(089321bd9838a4c40b251df6754df8e4) Importer(815301076,1909f56bfc062723c751e8b465ee728b)  -> (artifact id: 'c47bc1d7287f54c35ef527657916a6b7') in 0.134272 seconds
  Import took 0.139441 seconds .

========================================================================
Received Import Request.
  Time since last request: 0.000271 seconds.
  path: Assets/배경
  artifactKey: Guid(718857d395dba5742b3022c76f214d60) Importer(815301076,1909f56bfc062723c751e8b465ee728b)
Start importing Assets/배경 using Guid(718857d395dba5742b3022c76f214d60) Importer(815301076,1909f56bfc062723c751e8b465ee728b)  -> (artifact id: 'd89a19221edd96b5f6c298d6d05d0d4a') in 0.006615 seconds
  Import took 0.011789 seconds .

========================================================================
Received Import Request.
  Time since last request: 0.000306 seconds.
  path: Assets/배경/배경1.png
  artifactKey: Guid(61e22c6ed88b8b44c9fdf5e0ac7a20c2) Importer(815301076,1909f56bfc062723c751e8b465ee728b)
Start importing Assets/배경/배경1.png using Guid(61e22c6ed88b8b44c9fdf5e0ac7a20c2) Importer(815301076,1909f56bfc062723c751e8b465ee728b)  -> (artifact id: 'c82c983506f1a1e42b26f309c62be1d5') in 0.013317 seconds
  Import took 0.016776 seconds .

========================================================================
Received Import Request.
  Time since last request: 0.000227 seconds.
  path: Assets/배경/배경3.png
  artifactKey: Guid(7080a6b604300de4a87a06f08f0d49c8) Importer(815301076,1909f56bfc062723c751e8b465ee728b)
Start importing Assets/배경/배경3.png using Guid(7080a6b604300de4a87a06f08f0d49c8) Importer(815301076,1909f56bfc062723c751e8b465ee728b)  -> (artifact id: '8f25ec6b7fb8352626a72fceeb31c69e') in 0.015614 seconds
  Import took 0.019696 seconds .

========================================================================
Received Import Request.
  Time since last request: 34.780910 seconds.
  path: Assets/Pref/Trap/SpawnerSingle.prefab
  artifactKey: Guid(157858ff4cf0eb64996b883abd84dd45) Importer(815301076,1909f56bfc062723c751e8b465ee728b)
Start importing Assets/Pref/Trap/SpawnerSingle.prefab using Guid(157858ff4cf0eb64996b883abd84dd45) Importer(815301076,1909f56bfc062723c751e8b465ee728b)  -> (artifact id: '193441bf931f977360648b7c63b81c5b') in 0.048056 seconds
  Import took 0.053065 seconds .

========================================================================
Received Import Request.
  Time since last request: 2.696373 seconds.
  path: Assets/Pref/Trap/Bullet 1.prefab
  artifactKey: Guid(55ed1d75945154f4a88fbb1db937857c) Importer(815301076,1909f56bfc062723c751e8b465ee728b)
Start importing Assets/Pref/Trap/Bullet 1.prefab using Guid(55ed1d75945154f4a88fbb1db937857c) Importer(815301076,1909f56bfc062723c751e8b465ee728b)  -> (artifact id: '363dddf3dc5042f3cc0ca8d6f12994f2') in 0.014610 seconds
  Import took 0.019000 seconds .

========================================================================
Received Import Request.
  Time since last request: 0.002861 seconds.
  path: Assets/Pref/Trap/Bullet 1.prefab
  artifactKey: Guid(55ed1d75945154f4a88fbb1db937857c) Importer(815301076,1909f56bfc062723c751e8b465ee728b)
Start importing Assets/Pref/Trap/Bullet 1.prefab using Guid(55ed1d75945154f4a88fbb1db937857c) Importer(815301076,1909f56bfc062723c751e8b465ee728b)  -> (artifact id: '363dddf3dc5042f3cc0ca8d6f12994f2') in 0.008503 seconds
  Import took 0.013179 seconds .

========================================================================
Received Import Request.
  Time since last request: 22.929919 seconds.
  path: Assets/Pref/Trap/Bullet 1.prefab
  artifactKey: Guid(55ed1d75945154f4a88fbb1db937857c) Importer(815301076,1909f56bfc062723c751e8b465ee728b)
Start importing Assets/Pref/Trap/Bullet 1.prefab using Guid(55ed1d75945154f4a88fbb1db937857c) Importer(815301076,1909f56bfc062723c751e8b465ee728b)  -> (artifact id: 'dc1e44c47e8fa8359c67419160ca9492') in 0.008217 seconds
  Import took 0.012641 seconds .

========================================================================
Received Import Request.
  Time since last request: 58.569508 seconds.
  path: Assets/1623243216978.png
  artifactKey: Guid(167c65c2ea4ccff4e93427979736f09f) Importer(815301076,1909f56bfc062723c751e8b465ee728b)
Start importing Assets/1623243216978.png using Guid(167c65c2ea4ccff4e93427979736f09f) Importer(815301076,1909f56bfc062723c751e8b465ee728b)  -> (artifact id: '6c208eda22bb86a6192306fd000849a8') in 0.015667 seconds
  Import took 0.019917 seconds .

========================================================================
Received Import Request.
  Time since last request: 43.396483 seconds.
  path: Assets/1623243216978.png
  artifactKey: Guid(167c65c2ea4ccff4e93427979736f09f) Importer(815301076,1909f56bfc062723c751e8b465ee728b)
Start importing Assets/1623243216978.png using Guid(167c65c2ea4ccff4e93427979736f09f) Importer(815301076,1909f56bfc062723c751e8b465ee728b)  -> (artifact id: 'e61d915afb159fbc3c3e05ec2a553248') in 0.023392 seconds
  Import took 0.029366 seconds .

========================================================================
Received Import Request.
  Time since last request: 17.451704 seconds.
  path: Assets/Pref/Trap/Bullet 1.prefab
  artifactKey: Guid(55ed1d75945154f4a88fbb1db937857c) Importer(815301076,1909f56bfc062723c751e8b465ee728b)
Start importing Assets/Pref/Trap/Bullet 1.prefab using Guid(55ed1d75945154f4a88fbb1db937857c) Importer(815301076,1909f56bfc062723c751e8b465ee728b)  -> (artifact id: '0803e7711c7f949e8d8dede5cd21eb0a') in 0.020426 seconds
  Import took 0.024227 seconds .

========================================================================
Received Import Request.
  Time since last request: 31.885138 seconds.
  path: Assets/Scenes/Stage/World_3/3-2.unity
  artifactKey: Guid(698a27a132c078f40894f6a132c7b685) Importer(815301076,1909f56bfc062723c751e8b465ee728b)
Start importing Assets/Scenes/Stage/World_3/3-2.unity using Guid(698a27a132c078f40894f6a132c7b685) Importer(815301076,1909f56bfc062723c751e8b465ee728b)  -> (artifact id: 'f19970b66cea3e6de88d1ab442deb4df') in 0.011829 seconds
  Import took 0.016190 seconds .

========================================================================
Received Import Request.
  Time since last request: 0.001098 seconds.
  path: Assets/Scenes/Stage/World_3/3-2.unity
  artifactKey: Guid(698a27a132c078f40894f6a132c7b685) Importer(815301076,1909f56bfc062723c751e8b465ee728b)
Start importing Assets/Scenes/Stage/World_3/3-2.unity using Guid(698a27a132c078f40894f6a132c7b685) Importer(815301076,1909f56bfc062723c751e8b465ee728b)  -> (artifact id: 'f19970b66cea3e6de88d1ab442deb4df') in 0.002504 seconds
  Import took 0.006615 seconds .

========================================================================
Received Import Request.
  Time since last request: 2.462899 seconds.
  path: Assets/Scenes/Stage/World_3/3-1.unity
  artifactKey: Guid(72ab38a1d188cd5449fb219d175c38d2) Importer(815301076,1909f56bfc062723c751e8b465ee728b)
Start importing Assets/Scenes/Stage/World_3/3-1.unity using Guid(72ab38a1d188cd5449fb219d175c38d2) Importer(815301076,1909f56bfc062723c751e8b465ee728b)  -> (artifact id: '7b617b52aefe1ea5756754fbe33e0fce') in 0.011005 seconds
  Import took 0.015430 seconds .

========================================================================
Received Prepare
Registering precompiled user dll's ...
Registered in 0.001050 seconds.
Begin MonoManager ReloadAssembly
Native extension for WindowsStandalone target not found
Refreshing native plugins compatible for Editor in 0.60 ms, found 1 plugins.
Preloading 0 native plugins for Editor in 0.00 ms.
Mono: successfully reloaded assembly
- Completed reload, in  0.972 seconds
Platform modules already initialized, skipping
Refreshing native plugins compatible for Editor in 0.48 ms, found 1 plugins.
Preloading 0 native plugins for Editor in 0.00 ms.
Unloading 1871 Unused Serialized files (Serialized files now loaded: 0)
System memory in use before: 93.6 MB.
System memory in use after: 93.6 MB.

Unloading 12 unused Assets to reduce memory usage. Loaded Objects now: 2348.
Total: 2.628600 ms (FindLiveObjects: 0.242600 ms CreateObjectMapping: 0.069700 ms MarkObjects: 2.175100 ms  DeleteObjects: 0.139900 ms)

========================================================================
Received Import Request.
  Time since last request: 47.470545 seconds.
  path: Assets/1623243216978.png
  artifactKey: Guid(167c65c2ea4ccff4e93427979736f09f) Importer(815301076,1909f56bfc062723c751e8b465ee728b)
Start importing Assets/1623243216978.png using Guid(167c65c2ea4ccff4e93427979736f09f) Importer(815301076,1909f56bfc062723c751e8b465ee728b)  -> (artifact id: '0d1b9ba7e67775ef274931df906ca919') in 0.062152 seconds
  Import took 0.065766 seconds .

========================================================================
Received Prepare
Registering precompiled user dll's ...
Registered in 0.000864 seconds.
Begin MonoManager ReloadAssembly
Native extension for WindowsStandalone target not found
Refreshing native plugins compatible for Editor in 0.43 ms, found 1 plugins.
Preloading 0 native plugins for Editor in 0.00 ms.
Mono: successfully reloaded assembly
- Completed reload, in  0.946 seconds
Platform modules already initialized, skipping
Refreshing native plugins compatible for Editor in 0.44 ms, found 1 plugins.
Preloading 0 native plugins for Editor in 0.00 ms.
Unloading 1871 Unused Serialized files (Serialized files now loaded: 0)
System memory in use before: 93.6 MB.
System memory in use after: 93.6 MB.

Unloading 12 unused Assets to reduce memory usage. Loaded Objects now: 2353.
Total: 3.231200 ms (FindLiveObjects: 0.282800 ms CreateObjectMapping: 0.083900 ms MarkObjects: 2.724800 ms  DeleteObjects: 0.138500 ms)

========================================================================
Received Import Request.
  Time since last request: 122.351688 seconds.
  path: Assets/Scenes/Stage/World_3/3-3.unity
  artifactKey: Guid(de57ab771dd7f1c4ba2b932a61e2c1e6) Importer(815301076,1909f56bfc062723c751e8b465ee728b)
Start importing Assets/Scenes/Stage/World_3/3-3.unity using Guid(de57ab771dd7f1c4ba2b932a61e2c1e6) Importer(815301076,1909f56bfc062723c751e8b465ee728b)  -> (artifact id: 'f6c87dfdb35897bdddb5430ceec0845b') in 0.021593 seconds
  Import took 0.025406 seconds .

========================================================================
Received Import Request.
  Time since last request: 14.326977 seconds.
  path: Assets/Scenes/Stage/World_1/1-1.unity
  artifactKey: Guid(6597c7ad4a2d64b43b02613f3e728ccc) Importer(815301076,1909f56bfc062723c751e8b465ee728b)
Start importing Assets/Scenes/Stage/World_1/1-1.unity using Guid(6597c7ad4a2d64b43b02613f3e728ccc) Importer(815301076,1909f56bfc062723c751e8b465ee728b)  -> (artifact id: '6ab3a37215999d3263c43d5703ed7a01') in 0.009136 seconds
  Import took 0.013180 seconds .

========================================================================
Received Import Request.
  Time since last request: 0.000525 seconds.
  path: Assets/Scenes/Stage/World_1/1-1.unity
  artifactKey: Guid(6597c7ad4a2d64b43b02613f3e728ccc) Importer(815301076,1909f56bfc062723c751e8b465ee728b)
Start importing Assets/Scenes/Stage/World_1/1-1.unity using Guid(6597c7ad4a2d64b43b02613f3e728ccc) Importer(815301076,1909f56bfc062723c751e8b465ee728b)  -> (artifact id: '6ab3a37215999d3263c43d5703ed7a01') in 0.002497 seconds
  Import took 0.006839 seconds .

========================================================================
Received Import Request.
  Time since last request: 59.522006 seconds.
  path: Assets/BackGround.prefab
  artifactKey: Guid(4ac8359995007584d964111f8372a3ac) Importer(815301076,1909f56bfc062723c751e8b465ee728b)
Start importing Assets/BackGround.prefab using Guid(4ac8359995007584d964111f8372a3ac) Importer(815301076,1909f56bfc062723c751e8b465ee728b)  -> (artifact id: '2e4e10b3ed726ae1c08f944ff39d51fd') in 0.134126 seconds
  Import took 0.138542 seconds .

========================================================================
Received Import Request.
  Time since last request: 141.440512 seconds.
  path: Assets/Scenes/Stage/World_1/1-2.unity
  artifactKey: Guid(eddc1d0f53b2a54408ffacd5aed53bf5) Importer(815301076,1909f56bfc062723c751e8b465ee728b)
Start importing Assets/Scenes/Stage/World_1/1-2.unity using Guid(eddc1d0f53b2a54408ffacd5aed53bf5) Importer(815301076,1909f56bfc062723c751e8b465ee728b)  -> (artifact id: '2eb31dc3bf4e7278ede64c4c1b63d370') in 0.010174 seconds
  Import took 0.014899 seconds .

========================================================================
Received Prepare
Registering precompiled user dll's ...
Registered in 0.000875 seconds.
Begin MonoManager ReloadAssembly
Native extension for WindowsStandalone target not found
Refreshing native plugins compatible for Editor in 0.43 ms, found 1 plugins.
Preloading 0 native plugins for Editor in 0.00 ms.
Mono: successfully reloaded assembly
- Completed reload, in  0.964 seconds
Platform modules already initialized, skipping
Refreshing native plugins compatible for Editor in 0.89 ms, found 1 plugins.
Preloading 0 native plugins for Editor in 0.00 ms.
Unloading 1871 Unused Serialized files (Serialized files now loaded: 0)
System memory in use before: 93.9 MB.
System memory in use after: 93.9 MB.

Unloading 12 unused Assets to reduce memory usage. Loaded Objects now: 2357.
Total: 2.241200 ms (FindLiveObjects: 0.180200 ms CreateObjectMapping: 0.091500 ms MarkObjects: 1.822700 ms  DeleteObjects: 0.145500 ms)

========================================================================
Received Import Request.
  Time since last request: 76.971626 seconds.
  path: Assets/Scenes/Stage/World_1/1-3.unity
  artifactKey: Guid(31939958725591344bbc920205e53e33) Importer(815301076,1909f56bfc062723c751e8b465ee728b)
Start importing Assets/Scenes/Stage/World_1/1-3.unity using Guid(31939958725591344bbc920205e53e33) Importer(815301076,1909f56bfc062723c751e8b465ee728b)  -> (artifact id: '3977bbf3a49cea2d3469b1a0f5f34e5a') in 0.021768 seconds
  Import took 0.025786 seconds .

========================================================================
Received Import Request.
  Time since last request: 49.268492 seconds.
  path: Assets/Scenes/Stage/World_1/1-4.unity
  artifactKey: Guid(afc91c1247c580540b13de56f13fe87c) Importer(815301076,1909f56bfc062723c751e8b465ee728b)
Start importing Assets/Scenes/Stage/World_1/1-4.unity using Guid(afc91c1247c580540b13de56f13fe87c) Importer(815301076,1909f56bfc062723c751e8b465ee728b)  -> (artifact id: '6ba6e02fd2d75a4e9408a05270caa354') in 0.010746 seconds
  Import took 0.014561 seconds .

========================================================================
Received Import Request.
  Time since last request: 90.118932 seconds.
  path: Assets/Scenes/Stage/World_2/2-2.unity
  artifactKey: Guid(1890069baf67dfb4483d0ecece1e78fe) Importer(815301076,1909f56bfc062723c751e8b465ee728b)
Start importing Assets/Scenes/Stage/World_2/2-2.unity using Guid(1890069baf67dfb4483d0ecece1e78fe) Importer(815301076,1909f56bfc062723c751e8b465ee728b)  -> (artifact id: '4e5dfaf7307aecf39541c70e24de3737') in 0.009774 seconds
  Import took 0.013727 seconds .

========================================================================
Received Import Request.
  Time since last request: 0.000267 seconds.
  path: Assets/Scenes/Stage/World_2/2-2.unity
  artifactKey: Guid(1890069baf67dfb4483d0ecece1e78fe) Importer(815301076,1909f56bfc062723c751e8b465ee728b)
Start importing Assets/Scenes/Stage/World_2/2-2.unity using Guid(1890069baf67dfb4483d0ecece1e78fe) Importer(815301076,1909f56bfc062723c751e8b465ee728b)  -> (artifact id: '4e5dfaf7307aecf39541c70e24de3737') in 0.002084 seconds
  Import took 0.005685 seconds .

========================================================================
Received Import Request.
  Time since last request: 104.757639 seconds.
  path: Assets/Scenes/Stage/World_3/3-1.unity
  artifactKey: Guid(72ab38a1d188cd5449fb219d175c38d2) Importer(815301076,1909f56bfc062723c751e8b465ee728b)
Start importing Assets/Scenes/Stage/World_3/3-1.unity using Guid(72ab38a1d188cd5449fb219d175c38d2) Importer(815301076,1909f56bfc062723c751e8b465ee728b)  -> (artifact id: '962b52e9ce0c6259d6778759765be9db') in 0.002368 seconds
  Import took 0.006073 seconds .

========================================================================
Received Import Request.
  Time since last request: 53.721413 seconds.
  path: Assets/Scenes/Stage/World_3/3-2.unity
  artifactKey: Guid(698a27a132c078f40894f6a132c7b685) Importer(815301076,1909f56bfc062723c751e8b465ee728b)
Start importing Assets/Scenes/Stage/World_3/3-2.unity using Guid(698a27a132c078f40894f6a132c7b685) Importer(815301076,1909f56bfc062723c751e8b465ee728b)  -> (artifact id: '7dbb0a12ab90743ee85151d96aff72df') in 0.002545 seconds
  Import took 0.007077 seconds .

========================================================================
Received Import Request.
  Time since last request: 29.852406 seconds.
  path: Assets/Scenes/Stage/World_3/3-3.unity
  artifactKey: Guid(de57ab771dd7f1c4ba2b932a61e2c1e6) Importer(815301076,1909f56bfc062723c751e8b465ee728b)
Start importing Assets/Scenes/Stage/World_3/3-3.unity using Guid(de57ab771dd7f1c4ba2b932a61e2c1e6) Importer(815301076,1909f56bfc062723c751e8b465ee728b)  -> (artifact id: 'f17f81a9e8285788a119dd1f55733011') in 0.002113 seconds
  Import took 0.006641 seconds .

========================================================================
Received Prepare
Refreshing native plugins compatible for Editor in 1.46 ms, found 1 plugins.
Preloading 0 native plugins for Editor in 0.00 ms.
Unloading 10 Unused Serialized files (Serialized files now loaded: 0)
System memory in use before: 57.1 MB.
System memory in use after: 57.1 MB.

Unloading 10 unused Assets to reduce memory usage. Loaded Objects now: 2357.
Total: 4.480900 ms (FindLiveObjects: 0.186500 ms CreateObjectMapping: 0.069100 ms MarkObjects: 4.046400 ms  DeleteObjects: 0.177600 ms)

========================================================================
Received Import Request.
  Time since last request: 118.512787 seconds.
  path: Assets/Scenes/Stage/World_1/1-1.unity
  artifactKey: Guid(6597c7ad4a2d64b43b02613f3e728ccc) Importer(815301076,1909f56bfc062723c751e8b465ee728b)
Start importing Assets/Scenes/Stage/World_1/1-1.unity using Guid(6597c7ad4a2d64b43b02613f3e728ccc) Importer(815301076,1909f56bfc062723c751e8b465ee728b)  -> (artifact id: '73c257f1097746456b672493df1b5911') in 0.002946 seconds
  Import took 0.008093 seconds .

========================================================================
Received Prepare
Registering precompiled user dll's ...
Registered in 0.000944 seconds.
Begin MonoManager ReloadAssembly
Native extension for WindowsStandalone target not found
Refreshing native plugins compatible for Editor in 0.44 ms, found 1 plugins.
Preloading 0 native plugins for Editor in 0.00 ms.
Mono: successfully reloaded assembly
- Completed reload, in  0.986 seconds
Platform modules already initialized, skipping
Refreshing native plugins compatible for Editor in 0.50 ms, found 1 plugins.
Preloading 0 native plugins for Editor in 0.00 ms.
Unloading 1871 Unused Serialized files (Serialized files now loaded: 0)
System memory in use before: 93.9 MB.
System memory in use after: 93.9 MB.

Unloading 12 unused Assets to reduce memory usage. Loaded Objects now: 2361.
Total: 2.499500 ms (FindLiveObjects: 0.268700 ms CreateObjectMapping: 0.078100 ms MarkObjects: 1.996200 ms  DeleteObjects: 0.155200 ms)

========================================================================
Received Prepare
Registering precompiled user dll's ...
Registered in 0.000764 seconds.
Begin MonoManager ReloadAssembly
Native extension for WindowsStandalone target not found
Refreshing native plugins compatible for Editor in 0.49 ms, found 1 plugins.
Preloading 0 native plugins for Editor in 0.00 ms.
Mono: successfully reloaded assembly
- Completed reload, in  0.987 seconds
Platform modules already initialized, skipping
Refreshing native plugins compatible for Editor in 0.44 ms, found 1 plugins.
Preloading 0 native plugins for Editor in 0.00 ms.
Unloading 1871 Unused Serialized files (Serialized files now loaded: 0)
System memory in use before: 94.0 MB.
System memory in use after: 93.9 MB.

Unloading 12 unused Assets to reduce memory usage. Loaded Objects now: 2365.
Total: 3.382800 ms (FindLiveObjects: 0.323800 ms CreateObjectMapping: 0.189300 ms MarkObjects: 2.741800 ms  DeleteObjects: 0.126900 ms)

========================================================================
Received Prepare
Registering precompiled user dll's ...
Registered in 0.000856 seconds.
Begin MonoManager ReloadAssembly
Native extension for WindowsStandalone target not found
Refreshing native plugins compatible for Editor in 0.53 ms, found 1 plugins.
Preloading 0 native plugins for Editor in 0.00 ms.
Mono: successfully reloaded assembly
- Completed reload, in  0.962 seconds
Platform modules already initialized, skipping
Refreshing native plugins compatible for Editor in 0.53 ms, found 1 plugins.
Preloading 0 native plugins for Editor in 0.00 ms.
Unloading 1871 Unused Serialized files (Serialized files now loaded: 0)
System memory in use before: 94.0 MB.
System memory in use after: 93.9 MB.

Unloading 12 unused Assets to reduce memory usage. Loaded Objects now: 2369.
Total: 2.285400 ms (FindLiveObjects: 0.225700 ms CreateObjectMapping: 0.073700 ms MarkObjects: 1.848400 ms  DeleteObjects: 0.136500 ms)

========================================================================
Received Import Request.
  Time since last request: 230.351102 seconds.
  path: Assets/Scenes/Stage/World_1/1-2.unity
  artifactKey: Guid(eddc1d0f53b2a54408ffacd5aed53bf5) Importer(815301076,1909f56bfc062723c751e8b465ee728b)
Start importing Assets/Scenes/Stage/World_1/1-2.unity using Guid(eddc1d0f53b2a54408ffacd5aed53bf5) Importer(815301076,1909f56bfc062723c751e8b465ee728b)  -> (artifact id: 'bee45dbba6b5044d34887b179c044f2e') in 0.022151 seconds
  Import took 0.025855 seconds .

========================================================================
Received Import Request.
  Time since last request: 4.558694 seconds.
  path: Assets/Scenes/Stage/World_1/1-3.unity
  artifactKey: Guid(31939958725591344bbc920205e53e33) Importer(815301076,1909f56bfc062723c751e8b465ee728b)
Start importing Assets/Scenes/Stage/World_1/1-3.unity using Guid(31939958725591344bbc920205e53e33) Importer(815301076,1909f56bfc062723c751e8b465ee728b)  -> (artifact id: '3adc4692bb2f4fb7cc7f617f50f4baf9') in 0.002422 seconds
  Import took 0.006889 seconds .

========================================================================
Received Import Request.
  Time since last request: 6.972459 seconds.
  path: Assets/Scenes/Stage/World_1/1-4.unity
  artifactKey: Guid(afc91c1247c580540b13de56f13fe87c) Importer(815301076,1909f56bfc062723c751e8b465ee728b)
Start importing Assets/Scenes/Stage/World_1/1-4.unity using Guid(afc91c1247c580540b13de56f13fe87c) Importer(815301076,1909f56bfc062723c751e8b465ee728b)  -> (artifact id: '72e5785fbffa0e23f08cdfa663fc77b8') in 0.002168 seconds
  Import took 0.006070 seconds .

========================================================================
Received Import Request.
  Time since last request: 12.394928 seconds.
  path: Assets/Scenes/Stage/World_2/2-1.unity
  artifactKey: Guid(d10c9d30e7257914da349c2bf0a3a3d4) Importer(815301076,1909f56bfc062723c751e8b465ee728b)
Start importing Assets/Scenes/Stage/World_2/2-1.unity using Guid(d10c9d30e7257914da349c2bf0a3a3d4) Importer(815301076,1909f56bfc062723c751e8b465ee728b)  -> (artifact id: '5809eba086a89314c39d8061555907d8') in 0.008235 seconds
  Import took 0.013288 seconds .

========================================================================
Received Import Request.
  Time since last request: 0.003202 seconds.
  path: Assets/Scenes/Stage/World_2/2-1.unity
  artifactKey: Guid(d10c9d30e7257914da349c2bf0a3a3d4) Importer(815301076,1909f56bfc062723c751e8b465ee728b)
Start importing Assets/Scenes/Stage/World_2/2-1.unity using Guid(d10c9d30e7257914da349c2bf0a3a3d4) Importer(815301076,1909f56bfc062723c751e8b465ee728b)  -> (artifact id: '5809eba086a89314c39d8061555907d8') in 0.002855 seconds
  Import took 0.006997 seconds .

========================================================================
Received Import Request.
  Time since last request: 5.543518 seconds.
  path: Assets/Scenes/Stage/World_2/2-2.unity
  artifactKey: Guid(1890069baf67dfb4483d0ecece1e78fe) Importer(815301076,1909f56bfc062723c751e8b465ee728b)
Start importing Assets/Scenes/Stage/World_2/2-2.unity using Guid(1890069baf67dfb4483d0ecece1e78fe) Importer(815301076,1909f56bfc062723c751e8b465ee728b)  -> (artifact id: '271ab499964b0a1592adf2689071402b') in 0.002369 seconds
  Import took 0.006377 seconds .

========================================================================
Received Import Request.
  Time since last request: 19.727042 seconds.
  path: Assets/Scenes/Stage/World_2/2-3.unity
  artifactKey: Guid(44d632d095a4cf6418871a848f30be54) Importer(815301076,1909f56bfc062723c751e8b465ee728b)
Start importing Assets/Scenes/Stage/World_2/2-3.unity using Guid(44d632d095a4cf6418871a848f30be54) Importer(815301076,1909f56bfc062723c751e8b465ee728b)  -> (artifact id: '9eea15be267af2b6ff7ecb7d21b046a2') in 0.010042 seconds
  Import took 0.014408 seconds .

========================================================================
Received Import Request.
  Time since last request: 0.002139 seconds.
  path: Assets/Scenes/Stage/World_2/2-3.unity
  artifactKey: Guid(44d632d095a4cf6418871a848f30be54) Importer(815301076,1909f56bfc062723c751e8b465ee728b)
Start importing Assets/Scenes/Stage/World_2/2-3.unity using Guid(44d632d095a4cf6418871a848f30be54) Importer(815301076,1909f56bfc062723c751e8b465ee728b)  -> (artifact id: '9eea15be267af2b6ff7ecb7d21b046a2') in 0.002158 seconds
  Import took 0.005949 seconds .

========================================================================
Received Import Request.
  Time since last request: 5.519334 seconds.
  path: Assets/Scenes/Stage/World_3/3-1.unity
  artifactKey: Guid(72ab38a1d188cd5449fb219d175c38d2) Importer(815301076,1909f56bfc062723c751e8b465ee728b)
Start importing Assets/Scenes/Stage/World_3/3-1.unity using Guid(72ab38a1d188cd5449fb219d175c38d2) Importer(815301076,1909f56bfc062723c751e8b465ee728b)  -> (artifact id: '7bfd15c67654cf523bdb1338d1c4754f') in 0.002969 seconds
  Import took 0.006829 seconds .

========================================================================
Received Import Request.
  Time since last request: 4.847704 seconds.
  path: Assets/Scenes/Stage/World_3/3-2.unity
  artifactKey: Guid(698a27a132c078f40894f6a132c7b685) Importer(815301076,1909f56bfc062723c751e8b465ee728b)
Start importing Assets/Scenes/Stage/World_3/3-2.unity using Guid(698a27a132c078f40894f6a132c7b685) Importer(815301076,1909f56bfc062723c751e8b465ee728b)  -> (artifact id: 'ea1bdfc43fa5595f3e9c281dbca7e478') in 0.002271 seconds
  Import took 0.006451 seconds .

========================================================================
Received Import Request.
  Time since last request: 8.530032 seconds.
  path: Assets/Scenes/Stage/World_3/3-3.unity
  artifactKey: Guid(de57ab771dd7f1c4ba2b932a61e2c1e6) Importer(815301076,1909f56bfc062723c751e8b465ee728b)
Start importing Assets/Scenes/Stage/World_3/3-3.unity using Guid(de57ab771dd7f1c4ba2b932a61e2c1e6) Importer(815301076,1909f56bfc062723c751e8b465ee728b)  -> (artifact id: 'a0586b71855bd706e6f4a4c05be4115a') in 0.001971 seconds
  Import took 0.005730 seconds .

========================================================================
Received Prepare
Refreshing native plugins compatible for Editor in 1.92 ms, found 1 plugins.
Preloading 0 native plugins for Editor in 0.00 ms.
Unloading 10 Unused Serialized files (Serialized files now loaded: 0)
System memory in use before: 57.2 MB.
System memory in use after: 57.2 MB.

Unloading 10 unused Assets to reduce memory usage. Loaded Objects now: 2369.
Total: 3.032700 ms (FindLiveObjects: 0.418000 ms CreateObjectMapping: 0.077300 ms MarkObjects: 2.390400 ms  DeleteObjects: 0.145500 ms)

========================================================================
Received Import Request.
  Time since last request: 124.628918 seconds.
  path: Assets/Scenes/Stage/World_1/1-1.unity
  artifactKey: Guid(6597c7ad4a2d64b43b02613f3e728ccc) Importer(815301076,1909f56bfc062723c751e8b465ee728b)
Start importing Assets/Scenes/Stage/World_1/1-1.unity using Guid(6597c7ad4a2d64b43b02613f3e728ccc) Importer(815301076,1909f56bfc062723c751e8b465ee728b)  -> (artifact id: '32d4bcce2e4137f53c6032380a685647') in 0.003276 seconds
  Import took 0.007884 seconds .

========================================================================
Received Prepare
Registering precompiled user dll's ...
Registered in 0.000871 seconds.
Begin MonoManager ReloadAssembly
Native extension for WindowsStandalone target not found
Refreshing native plugins compatible for Editor in 0.61 ms, found 1 plugins.
Preloading 0 native plugins for Editor in 0.00 ms.
Mono: successfully reloaded assembly
- Completed reload, in  0.953 seconds
Platform modules already initialized, skipping
Refreshing native plugins compatible for Editor in 0.43 ms, found 1 plugins.
Preloading 0 native plugins for Editor in 0.00 ms.
Unloading 1871 Unused Serialized files (Serialized files now loaded: 0)
System memory in use before: 94.0 MB.
System memory in use after: 94.0 MB.

Unloading 12 unused Assets to reduce memory usage. Loaded Objects now: 2373.
Total: 2.595200 ms (FindLiveObjects: 0.225800 ms CreateObjectMapping: 0.137100 ms MarkObjects: 2.117200 ms  DeleteObjects: 0.114000 ms)

========================================================================
Received Prepare
Refreshing native plugins compatible for Editor in 1.43 ms, found 1 plugins.
Preloading 0 native plugins for Editor in 0.00 ms.
Unloading 10 Unused Serialized files (Serialized files now loaded: 0)
System memory in use before: 57.2 MB.
System memory in use after: 57.2 MB.

Unloading 10 unused Assets to reduce memory usage. Loaded Objects now: 2373.
Total: 2.537800 ms (FindLiveObjects: 0.236000 ms CreateObjectMapping: 0.129800 ms MarkObjects: 2.057600 ms  DeleteObjects: 0.113600 ms)

========================================================================
Received Import Request.
  Time since last request: 104.233410 seconds.
  path: Assets/Scenes/Stage/World_1/1-2.unity
  artifactKey: Guid(eddc1d0f53b2a54408ffacd5aed53bf5) Importer(815301076,1909f56bfc062723c751e8b465ee728b)
Start importing Assets/Scenes/Stage/World_1/1-2.unity using Guid(eddc1d0f53b2a54408ffacd5aed53bf5) Importer(815301076,1909f56bfc062723c751e8b465ee728b)  -> (artifact id: 'e8d95636d37c822df20858adf8043219') in 0.020383 seconds
  Import took 0.024382 seconds .

========================================================================
Received Import Request.
  Time since last request: 19.253789 seconds.
  path: Assets/Scenes/Stage/World_1/1-3.unity
  artifactKey: Guid(31939958725591344bbc920205e53e33) Importer(815301076,1909f56bfc062723c751e8b465ee728b)
Start importing Assets/Scenes/Stage/World_1/1-3.unity using Guid(31939958725591344bbc920205e53e33) Importer(815301076,1909f56bfc062723c751e8b465ee728b)  -> (artifact id: '8b9d15aaf059f28364057ff2bbe6cb87') in 0.002079 seconds
  Import took 0.005509 seconds .

========================================================================
Received Import Request.
  Time since last request: 9.420362 seconds.
  path: Assets/Scenes/Stage/World_1/1-4.unity
  artifactKey: Guid(afc91c1247c580540b13de56f13fe87c) Importer(815301076,1909f56bfc062723c751e8b465ee728b)
Start importing Assets/Scenes/Stage/World_1/1-4.unity using Guid(afc91c1247c580540b13de56f13fe87c) Importer(815301076,1909f56bfc062723c751e8b465ee728b)  -> (artifact id: 'c70b6312ecd978bd1df0cfdcc5fc7535') in 0.002556 seconds
  Import took 0.007333 seconds .

========================================================================
Received Import Request.
  Time since last request: 12.864219 seconds.
  path: Assets/Scenes/Stage/World_2/2-1.unity
  artifactKey: Guid(d10c9d30e7257914da349c2bf0a3a3d4) Importer(815301076,1909f56bfc062723c751e8b465ee728b)
Start importing Assets/Scenes/Stage/World_2/2-1.unity using Guid(d10c9d30e7257914da349c2bf0a3a3d4) Importer(815301076,1909f56bfc062723c751e8b465ee728b)  -> (artifact id: '83303abf8cdd03eb1b9c4c104b7488fc') in 0.010769 seconds
  Import took 0.015450 seconds .

========================================================================
Received Import Request.
  Time since last request: 8.607971 seconds.
  path: Assets/Scenes/Stage/World_2/2-2.unity
  artifactKey: Guid(1890069baf67dfb4483d0ecece1e78fe) Importer(815301076,1909f56bfc062723c751e8b465ee728b)
Start importing Assets/Scenes/Stage/World_2/2-2.unity using Guid(1890069baf67dfb4483d0ecece1e78fe) Importer(815301076,1909f56bfc062723c751e8b465ee728b)  -> (artifact id: '799fe8398315ba6bef4c00445eaf10e0') in 0.002118 seconds
  Import took 0.006353 seconds .

========================================================================
Received Import Request.
  Time since last request: 8.590908 seconds.
  path: Assets/Scenes/Stage/World_2/2-3.unity
  artifactKey: Guid(44d632d095a4cf6418871a848f30be54) Importer(815301076,1909f56bfc062723c751e8b465ee728b)
Start importing Assets/Scenes/Stage/World_2/2-3.unity using Guid(44d632d095a4cf6418871a848f30be54) Importer(815301076,1909f56bfc062723c751e8b465ee728b)  -> (artifact id: 'e38123cc2a8702abf50a62bfa356ea6f') in 0.002111 seconds
  Import took 0.007133 seconds .

========================================================================
Received Import Request.
  Time since last request: 9.725168 seconds.
  path: Assets/Scenes/Stage/World_3/3-1.unity
  artifactKey: Guid(72ab38a1d188cd5449fb219d175c38d2) Importer(815301076,1909f56bfc062723c751e8b465ee728b)
Start importing Assets/Scenes/Stage/World_3/3-1.unity using Guid(72ab38a1d188cd5449fb219d175c38d2) Importer(815301076,1909f56bfc062723c751e8b465ee728b)  -> (artifact id: 'b106010dc7d3cb0dd546b3f94d929522') in 0.002146 seconds
  Import took 0.005815 seconds .

========================================================================
Received Import Request.
  Time since last request: 7.775554 seconds.
  path: Assets/Scenes/Stage/World_3/3-2.unity
  artifactKey: Guid(698a27a132c078f40894f6a132c7b685) Importer(815301076,1909f56bfc062723c751e8b465ee728b)
Start importing Assets/Scenes/Stage/World_3/3-2.unity using Guid(698a27a132c078f40894f6a132c7b685) Importer(815301076,1909f56bfc062723c751e8b465ee728b)  -> (artifact id: '6d53c179ff006b3485167bd8188b54a0') in 0.002165 seconds
  Import took 0.006405 seconds .

========================================================================
Received Import Request.
  Time since last request: 8.154910 seconds.
  path: Assets/Scenes/Stage/World_3/3-3.unity
  artifactKey: Guid(de57ab771dd7f1c4ba2b932a61e2c1e6) Importer(815301076,1909f56bfc062723c751e8b465ee728b)
Start importing Assets/Scenes/Stage/World_3/3-3.unity using Guid(de57ab771dd7f1c4ba2b932a61e2c1e6) Importer(815301076,1909f56bfc062723c751e8b465ee728b)  -> (artifact id: '8a7736e4dbd7ed4291c3f2e966ecb47e') in 0.002458 seconds
  Import took 0.007811 seconds .

========================================================================
Received Prepare
Refreshing native plugins compatible for Editor in 1.67 ms, found 1 plugins.
Preloading 0 native plugins for Editor in 0.00 ms.
Unloading 10 Unused Serialized files (Serialized files now loaded: 0)
System memory in use before: 57.3 MB.
System memory in use after: 57.3 MB.

Unloading 10 unused Assets to reduce memory usage. Loaded Objects now: 2373.
Total: 2.988000 ms (FindLiveObjects: 0.195700 ms CreateObjectMapping: 0.066400 ms MarkObjects: 2.587400 ms  DeleteObjects: 0.137500 ms)

========================================================================
Received Import Request.
  Time since last request: 97.603354 seconds.
  path: Assets/Scenes/Stage/World_1/1-1.unity
  artifactKey: Guid(6597c7ad4a2d64b43b02613f3e728ccc) Importer(815301076,1909f56bfc062723c751e8b465ee728b)
Start importing Assets/Scenes/Stage/World_1/1-1.unity using Guid(6597c7ad4a2d64b43b02613f3e728ccc) Importer(815301076,1909f56bfc062723c751e8b465ee728b)  -> (artifact id: '188a13c1e32950634d0b4e55c7ed0e2a') in 0.003088 seconds
  Import took 0.007790 seconds .

========================================================================
Received Prepare
Refreshing native plugins compatible for Editor in 1.34 ms, found 1 plugins.
Preloading 0 native plugins for Editor in 0.00 ms.
Unloading 10 Unused Serialized files (Serialized files now loaded: 0)
System memory in use before: 57.3 MB.
System memory in use after: 57.3 MB.

Unloading 10 unused Assets to reduce memory usage. Loaded Objects now: 2373.
Total: 2.720200 ms (FindLiveObjects: 0.167500 ms CreateObjectMapping: 0.066700 ms MarkObjects: 2.380700 ms  DeleteObjects: 0.104400 ms)

========================================================================
Received Prepare
Refreshing native plugins compatible for Editor in 1.33 ms, found 1 plugins.
Preloading 0 native plugins for Editor in 0.00 ms.
Unloading 10 Unused Serialized files (Serialized files now loaded: 0)
System memory in use before: 57.3 MB.
System memory in use after: 57.3 MB.

Unloading 10 unused Assets to reduce memory usage. Loaded Objects now: 2373.
Total: 2.800300 ms (FindLiveObjects: 0.274200 ms CreateObjectMapping: 0.085300 ms MarkObjects: 2.299700 ms  DeleteObjects: 0.140100 ms)

========================================================================
Received Prepare
Refreshing native plugins compatible for Editor in 1.33 ms, found 1 plugins.
Preloading 0 native plugins for Editor in 0.00 ms.
Unloading 10 Unused Serialized files (Serialized files now loaded: 0)
System memory in use before: 57.3 MB.
System memory in use after: 57.3 MB.

Unloading 10 unused Assets to reduce memory usage. Loaded Objects now: 2373.
Total: 2.566000 ms (FindLiveObjects: 0.254300 ms CreateObjectMapping: 0.068600 ms MarkObjects: 2.116800 ms  DeleteObjects: 0.125600 ms)

========================================================================
Received Prepare
Refreshing native plugins compatible for Editor in 1.31 ms, found 1 plugins.
Preloading 0 native plugins for Editor in 0.00 ms.
Unloading 10 Unused Serialized files (Serialized files now loaded: 0)
System memory in use before: 57.3 MB.
System memory in use after: 57.3 MB.

Unloading 10 unused Assets to reduce memory usage. Loaded Objects now: 2373.
Total: 2.309200 ms (FindLiveObjects: 0.182100 ms CreateObjectMapping: 0.070500 ms MarkObjects: 1.944900 ms  DeleteObjects: 0.111000 ms)

========================================================================
Received Prepare
Refreshing native plugins compatible for Editor in 1.40 ms, found 1 plugins.
Preloading 0 native plugins for Editor in 0.00 ms.
Unloading 10 Unused Serialized files (Serialized files now loaded: 0)
System memory in use before: 57.3 MB.
System memory in use after: 57.3 MB.

Unloading 10 unused Assets to reduce memory usage. Loaded Objects now: 2373.
Total: 2.526600 ms (FindLiveObjects: 0.168100 ms CreateObjectMapping: 0.094400 ms MarkObjects: 1.949800 ms  DeleteObjects: 0.313100 ms)

AssetImportWorkerClient::OnTransportError - code=2 error=End of file
